<?xml version="1.0" encoding="UTF-8"?>
<testsuite name="dao.MemberCollectionsDAOTest" tests="4" skipped="0" failures="0" errors="0" timestamp="2021-09-08T00:53:04" hostname="DESKTOP-A2FS91R" time="1.365">
  <properties/>
  <testcase name="testSaveNewMember()" classname="dao.MemberCollectionsDAOTest" time="0.681"/>
  <testcase name="testDeleteMember()" classname="dao.MemberCollectionsDAOTest" time="0.306"/>
  <testcase name="testSaveMember()" classname="dao.MemberCollectionsDAOTest" time="0.22"/>
  <testcase name="testGetMember()" classname="dao.MemberCollectionsDAOTest" time="0.153"/>
  <system-out><![CDATA[]]></system-out>
  <system-err><![CDATA[]]></system-err>
</testsuite>
