<?xml version="1.0" encoding="UTF-8"?>
<testsuite name="dao.MemberCollectionsDAOTest" tests="3" skipped="0" failures="0" errors="0" timestamp="2021-09-19T03:27:31" hostname="DESKTOP-A2FS91R" time="0.894">
  <properties/>
  <testcase name="testDeleteMember()" classname="dao.MemberCollectionsDAOTest" time="0.584"/>
  <testcase name="testSaveMember()" classname="dao.MemberCollectionsDAOTest" time="0.191"/>
  <testcase name="testGetMember()" classname="dao.MemberCollectionsDAOTest" time="0.116"/>
  <system-out><![CDATA[domain.Member@b7f0cfcb
]]></system-out>
  <system-err><![CDATA[]]></system-err>
</testsuite>
