<?xml version="1.0" encoding="UTF-8"?>
<testsuite name="dao.MemberCollectionsDAOTest" tests="4" skipped="0" failures="0" errors="0" timestamp="2021-09-19T02:44:58" hostname="DESKTOP-A2FS91R" time="1.397">
  <properties/>
  <testcase name="testSaveNewMember()" classname="dao.MemberCollectionsDAOTest" time="0.675"/>
  <testcase name="testDeleteMember()" classname="dao.MemberCollectionsDAOTest" time="0.302"/>
  <testcase name="testSaveMember()" classname="dao.MemberCollectionsDAOTest" time="0.244"/>
  <testcase name="testGetMember()" classname="dao.MemberCollectionsDAOTest" time="0.171"/>
  <system-out><![CDATA[
Member{member_id=41, nzkfId=1234, user=null, joinDate=2021-09-19T14:44:59.952336700, fName=John, lName=Doe, mName=null, sex=F, ethnicity=European}


]]></system-out>
  <system-err><![CDATA[]]></system-err>
</testsuite>
